[2023-02-17T17:14:54.526+0000] {processor.py:153} INFO - Started process (PID=9669) to work on /opt/airflow/dags/modules/predict.py
[2023-02-17T17:14:54.527+0000] {processor.py:743} INFO - Processing file /opt/airflow/dags/modules/predict.py for tasks to queue
[2023-02-17T17:14:54.528+0000] {logging_mixin.py:137} INFO - [2023-02-17T17:14:54.528+0000] {dagbag.py:538} INFO - Filling up the DagBag from /opt/airflow/dags/modules/predict.py
[2023-02-17T17:14:54.774+0000] {processor.py:755} WARNING - No viable dags retrieved from /opt/airflow/dags/modules/predict.py
[2023-02-17T17:14:54.789+0000] {processor.py:175} INFO - Processing /opt/airflow/dags/modules/predict.py took 0.266 seconds
[2023-02-17T17:15:24.953+0000] {processor.py:153} INFO - Started process (PID=9704) to work on /opt/airflow/dags/modules/predict.py
[2023-02-17T17:15:24.954+0000] {processor.py:743} INFO - Processing file /opt/airflow/dags/modules/predict.py for tasks to queue
[2023-02-17T17:15:24.955+0000] {logging_mixin.py:137} INFO - [2023-02-17T17:15:24.955+0000] {dagbag.py:538} INFO - Filling up the DagBag from /opt/airflow/dags/modules/predict.py
[2023-02-17T17:15:25.219+0000] {processor.py:755} WARNING - No viable dags retrieved from /opt/airflow/dags/modules/predict.py
[2023-02-17T17:15:25.233+0000] {processor.py:175} INFO - Processing /opt/airflow/dags/modules/predict.py took 0.282 seconds
[2023-02-17T17:15:55.303+0000] {processor.py:153} INFO - Started process (PID=9753) to work on /opt/airflow/dags/modules/predict.py
[2023-02-17T17:15:55.304+0000] {processor.py:743} INFO - Processing file /opt/airflow/dags/modules/predict.py for tasks to queue
[2023-02-17T17:15:55.305+0000] {logging_mixin.py:137} INFO - [2023-02-17T17:15:55.305+0000] {dagbag.py:538} INFO - Filling up the DagBag from /opt/airflow/dags/modules/predict.py
[2023-02-17T17:15:55.546+0000] {processor.py:755} WARNING - No viable dags retrieved from /opt/airflow/dags/modules/predict.py
[2023-02-17T17:15:55.560+0000] {processor.py:175} INFO - Processing /opt/airflow/dags/modules/predict.py took 0.260 seconds
[2023-02-17T17:16:25.788+0000] {processor.py:153} INFO - Started process (PID=9788) to work on /opt/airflow/dags/modules/predict.py
[2023-02-17T17:16:25.789+0000] {processor.py:743} INFO - Processing file /opt/airflow/dags/modules/predict.py for tasks to queue
[2023-02-17T17:16:25.790+0000] {logging_mixin.py:137} INFO - [2023-02-17T17:16:25.790+0000] {dagbag.py:538} INFO - Filling up the DagBag from /opt/airflow/dags/modules/predict.py
[2023-02-17T17:16:26.040+0000] {processor.py:755} WARNING - No viable dags retrieved from /opt/airflow/dags/modules/predict.py
[2023-02-17T17:16:26.054+0000] {processor.py:175} INFO - Processing /opt/airflow/dags/modules/predict.py took 0.268 seconds
[2023-02-17T17:16:56.323+0000] {processor.py:153} INFO - Started process (PID=9837) to work on /opt/airflow/dags/modules/predict.py
[2023-02-17T17:16:56.324+0000] {processor.py:743} INFO - Processing file /opt/airflow/dags/modules/predict.py for tasks to queue
[2023-02-17T17:16:56.325+0000] {logging_mixin.py:137} INFO - [2023-02-17T17:16:56.325+0000] {dagbag.py:538} INFO - Filling up the DagBag from /opt/airflow/dags/modules/predict.py
[2023-02-17T17:16:56.566+0000] {processor.py:755} WARNING - No viable dags retrieved from /opt/airflow/dags/modules/predict.py
[2023-02-17T17:16:56.581+0000] {processor.py:175} INFO - Processing /opt/airflow/dags/modules/predict.py took 0.260 seconds
[2023-02-17T17:17:26.697+0000] {processor.py:153} INFO - Started process (PID=9871) to work on /opt/airflow/dags/modules/predict.py
[2023-02-17T17:17:26.698+0000] {processor.py:743} INFO - Processing file /opt/airflow/dags/modules/predict.py for tasks to queue
[2023-02-17T17:17:26.699+0000] {logging_mixin.py:137} INFO - [2023-02-17T17:17:26.699+0000] {dagbag.py:538} INFO - Filling up the DagBag from /opt/airflow/dags/modules/predict.py
[2023-02-17T17:17:26.947+0000] {processor.py:755} WARNING - No viable dags retrieved from /opt/airflow/dags/modules/predict.py
[2023-02-17T17:17:26.963+0000] {processor.py:175} INFO - Processing /opt/airflow/dags/modules/predict.py took 0.271 seconds
[2023-02-17T17:17:57.334+0000] {processor.py:153} INFO - Started process (PID=9920) to work on /opt/airflow/dags/modules/predict.py
[2023-02-17T17:17:57.335+0000] {processor.py:743} INFO - Processing file /opt/airflow/dags/modules/predict.py for tasks to queue
[2023-02-17T17:17:57.336+0000] {logging_mixin.py:137} INFO - [2023-02-17T17:17:57.336+0000] {dagbag.py:538} INFO - Filling up the DagBag from /opt/airflow/dags/modules/predict.py
[2023-02-17T17:17:57.583+0000] {processor.py:755} WARNING - No viable dags retrieved from /opt/airflow/dags/modules/predict.py
[2023-02-17T17:17:57.597+0000] {processor.py:175} INFO - Processing /opt/airflow/dags/modules/predict.py took 0.267 seconds
[2023-02-17T17:18:27.745+0000] {processor.py:153} INFO - Started process (PID=9955) to work on /opt/airflow/dags/modules/predict.py
[2023-02-17T17:18:27.747+0000] {processor.py:743} INFO - Processing file /opt/airflow/dags/modules/predict.py for tasks to queue
[2023-02-17T17:18:27.748+0000] {logging_mixin.py:137} INFO - [2023-02-17T17:18:27.748+0000] {dagbag.py:538} INFO - Filling up the DagBag from /opt/airflow/dags/modules/predict.py
[2023-02-17T17:18:28.005+0000] {processor.py:755} WARNING - No viable dags retrieved from /opt/airflow/dags/modules/predict.py
[2023-02-17T17:18:28.019+0000] {processor.py:175} INFO - Processing /opt/airflow/dags/modules/predict.py took 0.280 seconds
[2023-02-17T17:18:36.033+0000] {processor.py:153} INFO - Started process (PID=9971) to work on /opt/airflow/dags/modules/predict.py
[2023-02-17T17:18:36.035+0000] {processor.py:743} INFO - Processing file /opt/airflow/dags/modules/predict.py for tasks to queue
[2023-02-17T17:18:36.036+0000] {logging_mixin.py:137} INFO - [2023-02-17T17:18:36.036+0000] {dagbag.py:538} INFO - Filling up the DagBag from /opt/airflow/dags/modules/predict.py
[2023-02-17T17:18:36.351+0000] {processor.py:755} WARNING - No viable dags retrieved from /opt/airflow/dags/modules/predict.py
[2023-02-17T17:18:36.365+0000] {processor.py:175} INFO - Processing /opt/airflow/dags/modules/predict.py took 0.335 seconds
[2023-02-17T17:19:06.761+0000] {processor.py:153} INFO - Started process (PID=10015) to work on /opt/airflow/dags/modules/predict.py
[2023-02-17T17:19:06.762+0000] {processor.py:743} INFO - Processing file /opt/airflow/dags/modules/predict.py for tasks to queue
[2023-02-17T17:19:06.764+0000] {logging_mixin.py:137} INFO - [2023-02-17T17:19:06.763+0000] {dagbag.py:538} INFO - Filling up the DagBag from /opt/airflow/dags/modules/predict.py
[2023-02-17T17:19:07.155+0000] {processor.py:755} WARNING - No viable dags retrieved from /opt/airflow/dags/modules/predict.py
[2023-02-17T17:19:07.176+0000] {processor.py:175} INFO - Processing /opt/airflow/dags/modules/predict.py took 0.419 seconds
[2023-02-17T17:19:37.418+0000] {processor.py:153} INFO - Started process (PID=10055) to work on /opt/airflow/dags/modules/predict.py
[2023-02-17T17:19:37.419+0000] {processor.py:743} INFO - Processing file /opt/airflow/dags/modules/predict.py for tasks to queue
[2023-02-17T17:19:37.420+0000] {logging_mixin.py:137} INFO - [2023-02-17T17:19:37.420+0000] {dagbag.py:538} INFO - Filling up the DagBag from /opt/airflow/dags/modules/predict.py
[2023-02-17T17:19:37.671+0000] {processor.py:755} WARNING - No viable dags retrieved from /opt/airflow/dags/modules/predict.py
[2023-02-17T17:19:37.686+0000] {processor.py:175} INFO - Processing /opt/airflow/dags/modules/predict.py took 0.272 seconds
[2023-02-17T17:20:08.643+0000] {processor.py:153} INFO - Started process (PID=10097) to work on /opt/airflow/dags/modules/predict.py
[2023-02-17T17:20:08.644+0000] {processor.py:743} INFO - Processing file /opt/airflow/dags/modules/predict.py for tasks to queue
[2023-02-17T17:20:08.646+0000] {logging_mixin.py:137} INFO - [2023-02-17T17:20:08.645+0000] {dagbag.py:538} INFO - Filling up the DagBag from /opt/airflow/dags/modules/predict.py
[2023-02-17T17:20:09.051+0000] {processor.py:755} WARNING - No viable dags retrieved from /opt/airflow/dags/modules/predict.py
[2023-02-17T17:20:09.072+0000] {processor.py:175} INFO - Processing /opt/airflow/dags/modules/predict.py took 0.432 seconds
[2023-02-17T17:20:39.330+0000] {processor.py:153} INFO - Started process (PID=10139) to work on /opt/airflow/dags/modules/predict.py
[2023-02-17T17:20:39.331+0000] {processor.py:743} INFO - Processing file /opt/airflow/dags/modules/predict.py for tasks to queue
[2023-02-17T17:20:39.332+0000] {logging_mixin.py:137} INFO - [2023-02-17T17:20:39.332+0000] {dagbag.py:538} INFO - Filling up the DagBag from /opt/airflow/dags/modules/predict.py
[2023-02-17T17:20:39.575+0000] {processor.py:755} WARNING - No viable dags retrieved from /opt/airflow/dags/modules/predict.py
[2023-02-17T17:20:39.589+0000] {processor.py:175} INFO - Processing /opt/airflow/dags/modules/predict.py took 0.262 seconds
[2023-02-17T17:21:01.622+0000] {processor.py:153} INFO - Started process (PID=10175) to work on /opt/airflow/dags/modules/predict.py
[2023-02-17T17:21:01.624+0000] {processor.py:743} INFO - Processing file /opt/airflow/dags/modules/predict.py for tasks to queue
[2023-02-17T17:21:01.625+0000] {logging_mixin.py:137} INFO - [2023-02-17T17:21:01.625+0000] {dagbag.py:538} INFO - Filling up the DagBag from /opt/airflow/dags/modules/predict.py
[2023-02-17T17:21:01.983+0000] {processor.py:755} WARNING - No viable dags retrieved from /opt/airflow/dags/modules/predict.py
[2023-02-17T17:21:01.999+0000] {processor.py:175} INFO - Processing /opt/airflow/dags/modules/predict.py took 0.380 seconds
[2023-02-17T17:21:32.155+0000] {processor.py:153} INFO - Started process (PID=10211) to work on /opt/airflow/dags/modules/predict.py
[2023-02-17T17:21:32.156+0000] {processor.py:743} INFO - Processing file /opt/airflow/dags/modules/predict.py for tasks to queue
[2023-02-17T17:21:32.157+0000] {logging_mixin.py:137} INFO - [2023-02-17T17:21:32.157+0000] {dagbag.py:538} INFO - Filling up the DagBag from /opt/airflow/dags/modules/predict.py
[2023-02-17T17:21:32.435+0000] {processor.py:755} WARNING - No viable dags retrieved from /opt/airflow/dags/modules/predict.py
[2023-02-17T17:21:32.450+0000] {processor.py:175} INFO - Processing /opt/airflow/dags/modules/predict.py took 0.299 seconds
[2023-02-17T17:22:02.694+0000] {processor.py:153} INFO - Started process (PID=10261) to work on /opt/airflow/dags/modules/predict.py
[2023-02-17T17:22:02.696+0000] {processor.py:743} INFO - Processing file /opt/airflow/dags/modules/predict.py for tasks to queue
[2023-02-17T17:22:02.697+0000] {logging_mixin.py:137} INFO - [2023-02-17T17:22:02.697+0000] {dagbag.py:538} INFO - Filling up the DagBag from /opt/airflow/dags/modules/predict.py
[2023-02-17T17:22:02.944+0000] {processor.py:755} WARNING - No viable dags retrieved from /opt/airflow/dags/modules/predict.py
[2023-02-17T17:22:02.958+0000] {processor.py:175} INFO - Processing /opt/airflow/dags/modules/predict.py took 0.268 seconds
[2023-02-17T17:22:33.143+0000] {processor.py:153} INFO - Started process (PID=10296) to work on /opt/airflow/dags/modules/predict.py
[2023-02-17T17:22:33.145+0000] {processor.py:743} INFO - Processing file /opt/airflow/dags/modules/predict.py for tasks to queue
[2023-02-17T17:22:33.146+0000] {logging_mixin.py:137} INFO - [2023-02-17T17:22:33.146+0000] {dagbag.py:538} INFO - Filling up the DagBag from /opt/airflow/dags/modules/predict.py
[2023-02-17T17:22:33.429+0000] {processor.py:755} WARNING - No viable dags retrieved from /opt/airflow/dags/modules/predict.py
[2023-02-17T17:22:33.443+0000] {processor.py:175} INFO - Processing /opt/airflow/dags/modules/predict.py took 0.307 seconds
[2023-02-17T17:23:03.869+0000] {processor.py:153} INFO - Started process (PID=10346) to work on /opt/airflow/dags/modules/predict.py
[2023-02-17T17:23:03.871+0000] {processor.py:743} INFO - Processing file /opt/airflow/dags/modules/predict.py for tasks to queue
[2023-02-17T17:23:03.872+0000] {logging_mixin.py:137} INFO - [2023-02-17T17:23:03.872+0000] {dagbag.py:538} INFO - Filling up the DagBag from /opt/airflow/dags/modules/predict.py
[2023-02-17T17:23:04.146+0000] {processor.py:755} WARNING - No viable dags retrieved from /opt/airflow/dags/modules/predict.py
[2023-02-17T17:23:04.162+0000] {processor.py:175} INFO - Processing /opt/airflow/dags/modules/predict.py took 0.297 seconds
[2023-02-17T17:23:34.454+0000] {processor.py:153} INFO - Started process (PID=10381) to work on /opt/airflow/dags/modules/predict.py
[2023-02-17T17:23:34.456+0000] {processor.py:743} INFO - Processing file /opt/airflow/dags/modules/predict.py for tasks to queue
[2023-02-17T17:23:34.457+0000] {logging_mixin.py:137} INFO - [2023-02-17T17:23:34.457+0000] {dagbag.py:538} INFO - Filling up the DagBag from /opt/airflow/dags/modules/predict.py
[2023-02-17T17:23:34.711+0000] {processor.py:755} WARNING - No viable dags retrieved from /opt/airflow/dags/modules/predict.py
[2023-02-17T17:23:34.726+0000] {processor.py:175} INFO - Processing /opt/airflow/dags/modules/predict.py took 0.275 seconds
[2023-02-17T17:24:05.164+0000] {processor.py:153} INFO - Started process (PID=10430) to work on /opt/airflow/dags/modules/predict.py
[2023-02-17T17:24:05.165+0000] {processor.py:743} INFO - Processing file /opt/airflow/dags/modules/predict.py for tasks to queue
[2023-02-17T17:24:05.166+0000] {logging_mixin.py:137} INFO - [2023-02-17T17:24:05.166+0000] {dagbag.py:538} INFO - Filling up the DagBag from /opt/airflow/dags/modules/predict.py
[2023-02-17T17:24:05.429+0000] {processor.py:755} WARNING - No viable dags retrieved from /opt/airflow/dags/modules/predict.py
[2023-02-17T17:24:05.443+0000] {processor.py:175} INFO - Processing /opt/airflow/dags/modules/predict.py took 0.283 seconds
[2023-02-17T17:24:35.595+0000] {processor.py:153} INFO - Started process (PID=10465) to work on /opt/airflow/dags/modules/predict.py
[2023-02-17T17:24:35.597+0000] {processor.py:743} INFO - Processing file /opt/airflow/dags/modules/predict.py for tasks to queue
[2023-02-17T17:24:35.598+0000] {logging_mixin.py:137} INFO - [2023-02-17T17:24:35.598+0000] {dagbag.py:538} INFO - Filling up the DagBag from /opt/airflow/dags/modules/predict.py
[2023-02-17T17:24:35.866+0000] {processor.py:755} WARNING - No viable dags retrieved from /opt/airflow/dags/modules/predict.py
[2023-02-17T17:24:35.881+0000] {processor.py:175} INFO - Processing /opt/airflow/dags/modules/predict.py took 0.289 seconds
[2023-02-17T17:25:06.538+0000] {processor.py:153} INFO - Started process (PID=10514) to work on /opt/airflow/dags/modules/predict.py
[2023-02-17T17:25:06.539+0000] {processor.py:743} INFO - Processing file /opt/airflow/dags/modules/predict.py for tasks to queue
[2023-02-17T17:25:06.541+0000] {logging_mixin.py:137} INFO - [2023-02-17T17:25:06.541+0000] {dagbag.py:538} INFO - Filling up the DagBag from /opt/airflow/dags/modules/predict.py
[2023-02-17T17:25:06.808+0000] {processor.py:755} WARNING - No viable dags retrieved from /opt/airflow/dags/modules/predict.py
[2023-02-17T17:25:06.824+0000] {processor.py:175} INFO - Processing /opt/airflow/dags/modules/predict.py took 0.291 seconds
[2023-02-17T17:25:36.994+0000] {processor.py:153} INFO - Started process (PID=10550) to work on /opt/airflow/dags/modules/predict.py
[2023-02-17T17:25:36.996+0000] {processor.py:743} INFO - Processing file /opt/airflow/dags/modules/predict.py for tasks to queue
[2023-02-17T17:25:36.997+0000] {logging_mixin.py:137} INFO - [2023-02-17T17:25:36.997+0000] {dagbag.py:538} INFO - Filling up the DagBag from /opt/airflow/dags/modules/predict.py
[2023-02-17T17:25:37.269+0000] {processor.py:755} WARNING - No viable dags retrieved from /opt/airflow/dags/modules/predict.py
[2023-02-17T17:25:37.282+0000] {processor.py:175} INFO - Processing /opt/airflow/dags/modules/predict.py took 0.291 seconds
[2023-02-17T17:26:07.565+0000] {processor.py:153} INFO - Started process (PID=10599) to work on /opt/airflow/dags/modules/predict.py
[2023-02-17T17:26:07.566+0000] {processor.py:743} INFO - Processing file /opt/airflow/dags/modules/predict.py for tasks to queue
[2023-02-17T17:26:07.567+0000] {logging_mixin.py:137} INFO - [2023-02-17T17:26:07.567+0000] {dagbag.py:538} INFO - Filling up the DagBag from /opt/airflow/dags/modules/predict.py
[2023-02-17T17:26:07.830+0000] {processor.py:755} WARNING - No viable dags retrieved from /opt/airflow/dags/modules/predict.py
[2023-02-17T17:26:07.847+0000] {processor.py:175} INFO - Processing /opt/airflow/dags/modules/predict.py took 0.286 seconds
[2023-02-17T17:26:38.050+0000] {processor.py:153} INFO - Started process (PID=10635) to work on /opt/airflow/dags/modules/predict.py
[2023-02-17T17:26:38.051+0000] {processor.py:743} INFO - Processing file /opt/airflow/dags/modules/predict.py for tasks to queue
[2023-02-17T17:26:38.052+0000] {logging_mixin.py:137} INFO - [2023-02-17T17:26:38.052+0000] {dagbag.py:538} INFO - Filling up the DagBag from /opt/airflow/dags/modules/predict.py
[2023-02-17T17:26:38.309+0000] {processor.py:755} WARNING - No viable dags retrieved from /opt/airflow/dags/modules/predict.py
[2023-02-17T17:26:38.325+0000] {processor.py:175} INFO - Processing /opt/airflow/dags/modules/predict.py took 0.278 seconds
[2023-02-17T17:27:08.577+0000] {processor.py:153} INFO - Started process (PID=10680) to work on /opt/airflow/dags/modules/predict.py
[2023-02-17T17:27:08.578+0000] {processor.py:743} INFO - Processing file /opt/airflow/dags/modules/predict.py for tasks to queue
[2023-02-17T17:27:08.580+0000] {logging_mixin.py:137} INFO - [2023-02-17T17:27:08.580+0000] {dagbag.py:538} INFO - Filling up the DagBag from /opt/airflow/dags/modules/predict.py
[2023-02-17T17:27:08.847+0000] {processor.py:755} WARNING - No viable dags retrieved from /opt/airflow/dags/modules/predict.py
[2023-02-17T17:27:08.863+0000] {processor.py:175} INFO - Processing /opt/airflow/dags/modules/predict.py took 0.290 seconds
[2023-02-17T17:27:39.421+0000] {processor.py:153} INFO - Started process (PID=10722) to work on /opt/airflow/dags/modules/predict.py
[2023-02-17T17:27:39.422+0000] {processor.py:743} INFO - Processing file /opt/airflow/dags/modules/predict.py for tasks to queue
[2023-02-17T17:27:39.423+0000] {logging_mixin.py:137} INFO - [2023-02-17T17:27:39.423+0000] {dagbag.py:538} INFO - Filling up the DagBag from /opt/airflow/dags/modules/predict.py
[2023-02-17T17:27:39.676+0000] {processor.py:755} WARNING - No viable dags retrieved from /opt/airflow/dags/modules/predict.py
[2023-02-17T17:27:39.691+0000] {processor.py:175} INFO - Processing /opt/airflow/dags/modules/predict.py took 0.273 seconds
[2023-02-17T17:28:09.748+0000] {processor.py:153} INFO - Started process (PID=10758) to work on /opt/airflow/dags/modules/predict.py
[2023-02-17T17:28:09.750+0000] {processor.py:743} INFO - Processing file /opt/airflow/dags/modules/predict.py for tasks to queue
[2023-02-17T17:28:09.751+0000] {logging_mixin.py:137} INFO - [2023-02-17T17:28:09.750+0000] {dagbag.py:538} INFO - Filling up the DagBag from /opt/airflow/dags/modules/predict.py
[2023-02-17T17:28:10.031+0000] {processor.py:755} WARNING - No viable dags retrieved from /opt/airflow/dags/modules/predict.py
[2023-02-17T17:28:10.044+0000] {processor.py:175} INFO - Processing /opt/airflow/dags/modules/predict.py took 0.300 seconds
[2023-02-17T17:28:40.390+0000] {processor.py:153} INFO - Started process (PID=10805) to work on /opt/airflow/dags/modules/predict.py
[2023-02-17T17:28:40.391+0000] {processor.py:743} INFO - Processing file /opt/airflow/dags/modules/predict.py for tasks to queue
[2023-02-17T17:28:40.392+0000] {logging_mixin.py:137} INFO - [2023-02-17T17:28:40.392+0000] {dagbag.py:538} INFO - Filling up the DagBag from /opt/airflow/dags/modules/predict.py
[2023-02-17T17:28:40.656+0000] {processor.py:755} WARNING - No viable dags retrieved from /opt/airflow/dags/modules/predict.py
[2023-02-17T17:28:40.673+0000] {processor.py:175} INFO - Processing /opt/airflow/dags/modules/predict.py took 0.286 seconds
[2023-02-17T17:29:10.879+0000] {processor.py:153} INFO - Started process (PID=10838) to work on /opt/airflow/dags/modules/predict.py
[2023-02-17T17:29:10.880+0000] {processor.py:743} INFO - Processing file /opt/airflow/dags/modules/predict.py for tasks to queue
[2023-02-17T17:29:10.882+0000] {logging_mixin.py:137} INFO - [2023-02-17T17:29:10.881+0000] {dagbag.py:538} INFO - Filling up the DagBag from /opt/airflow/dags/modules/predict.py
[2023-02-17T17:29:11.210+0000] {processor.py:755} WARNING - No viable dags retrieved from /opt/airflow/dags/modules/predict.py
[2023-02-17T17:29:11.225+0000] {processor.py:175} INFO - Processing /opt/airflow/dags/modules/predict.py took 0.350 seconds
[2023-02-17T17:29:41.293+0000] {processor.py:153} INFO - Started process (PID=10887) to work on /opt/airflow/dags/modules/predict.py
[2023-02-17T17:29:41.294+0000] {processor.py:743} INFO - Processing file /opt/airflow/dags/modules/predict.py for tasks to queue
[2023-02-17T17:29:41.295+0000] {logging_mixin.py:137} INFO - [2023-02-17T17:29:41.295+0000] {dagbag.py:538} INFO - Filling up the DagBag from /opt/airflow/dags/modules/predict.py
[2023-02-17T17:29:41.536+0000] {processor.py:755} WARNING - No viable dags retrieved from /opt/airflow/dags/modules/predict.py
[2023-02-17T17:29:41.550+0000] {processor.py:175} INFO - Processing /opt/airflow/dags/modules/predict.py took 0.260 seconds
[2023-02-17T17:30:12.431+0000] {processor.py:153} INFO - Started process (PID=10922) to work on /opt/airflow/dags/modules/predict.py
[2023-02-17T17:30:12.433+0000] {processor.py:743} INFO - Processing file /opt/airflow/dags/modules/predict.py for tasks to queue
[2023-02-17T17:30:12.434+0000] {logging_mixin.py:137} INFO - [2023-02-17T17:30:12.434+0000] {dagbag.py:538} INFO - Filling up the DagBag from /opt/airflow/dags/modules/predict.py
[2023-02-17T17:30:12.675+0000] {processor.py:755} WARNING - No viable dags retrieved from /opt/airflow/dags/modules/predict.py
[2023-02-17T17:30:12.689+0000] {processor.py:175} INFO - Processing /opt/airflow/dags/modules/predict.py took 0.261 seconds
[2023-02-17T17:30:42.754+0000] {processor.py:153} INFO - Started process (PID=10971) to work on /opt/airflow/dags/modules/predict.py
[2023-02-17T17:30:42.756+0000] {processor.py:743} INFO - Processing file /opt/airflow/dags/modules/predict.py for tasks to queue
[2023-02-17T17:30:42.756+0000] {logging_mixin.py:137} INFO - [2023-02-17T17:30:42.756+0000] {dagbag.py:538} INFO - Filling up the DagBag from /opt/airflow/dags/modules/predict.py
[2023-02-17T17:30:42.998+0000] {processor.py:755} WARNING - No viable dags retrieved from /opt/airflow/dags/modules/predict.py
[2023-02-17T17:30:43.017+0000] {processor.py:175} INFO - Processing /opt/airflow/dags/modules/predict.py took 0.266 seconds
[2023-02-17T17:31:13.130+0000] {processor.py:153} INFO - Started process (PID=11008) to work on /opt/airflow/dags/modules/predict.py
[2023-02-17T17:31:13.131+0000] {processor.py:743} INFO - Processing file /opt/airflow/dags/modules/predict.py for tasks to queue
[2023-02-17T17:31:13.132+0000] {logging_mixin.py:137} INFO - [2023-02-17T17:31:13.132+0000] {dagbag.py:538} INFO - Filling up the DagBag from /opt/airflow/dags/modules/predict.py
[2023-02-17T17:31:13.396+0000] {processor.py:755} WARNING - No viable dags retrieved from /opt/airflow/dags/modules/predict.py
[2023-02-17T17:31:13.410+0000] {processor.py:175} INFO - Processing /opt/airflow/dags/modules/predict.py took 0.283 seconds
[2023-02-17T17:31:44.189+0000] {processor.py:153} INFO - Started process (PID=11059) to work on /opt/airflow/dags/modules/predict.py
[2023-02-17T17:31:44.190+0000] {processor.py:743} INFO - Processing file /opt/airflow/dags/modules/predict.py for tasks to queue
[2023-02-17T17:31:44.191+0000] {logging_mixin.py:137} INFO - [2023-02-17T17:31:44.191+0000] {dagbag.py:538} INFO - Filling up the DagBag from /opt/airflow/dags/modules/predict.py
[2023-02-17T17:31:44.474+0000] {processor.py:755} WARNING - No viable dags retrieved from /opt/airflow/dags/modules/predict.py
[2023-02-17T17:31:44.487+0000] {processor.py:175} INFO - Processing /opt/airflow/dags/modules/predict.py took 0.302 seconds
[2023-02-17T17:32:14.546+0000] {processor.py:153} INFO - Started process (PID=11094) to work on /opt/airflow/dags/modules/predict.py
[2023-02-17T17:32:14.547+0000] {processor.py:743} INFO - Processing file /opt/airflow/dags/modules/predict.py for tasks to queue
[2023-02-17T17:32:14.548+0000] {logging_mixin.py:137} INFO - [2023-02-17T17:32:14.548+0000] {dagbag.py:538} INFO - Filling up the DagBag from /opt/airflow/dags/modules/predict.py
[2023-02-17T17:32:14.800+0000] {processor.py:755} WARNING - No viable dags retrieved from /opt/airflow/dags/modules/predict.py
[2023-02-17T17:32:14.814+0000] {processor.py:175} INFO - Processing /opt/airflow/dags/modules/predict.py took 0.271 seconds
[2023-02-17T17:32:44.953+0000] {processor.py:153} INFO - Started process (PID=11144) to work on /opt/airflow/dags/modules/predict.py
[2023-02-17T17:32:44.954+0000] {processor.py:743} INFO - Processing file /opt/airflow/dags/modules/predict.py for tasks to queue
[2023-02-17T17:32:44.955+0000] {logging_mixin.py:137} INFO - [2023-02-17T17:32:44.955+0000] {dagbag.py:538} INFO - Filling up the DagBag from /opt/airflow/dags/modules/predict.py
[2023-02-17T17:32:45.207+0000] {processor.py:755} WARNING - No viable dags retrieved from /opt/airflow/dags/modules/predict.py
[2023-02-17T17:32:45.220+0000] {processor.py:175} INFO - Processing /opt/airflow/dags/modules/predict.py took 0.272 seconds
[2023-02-17T17:33:15.460+0000] {processor.py:153} INFO - Started process (PID=11179) to work on /opt/airflow/dags/modules/predict.py
[2023-02-17T17:33:15.461+0000] {processor.py:743} INFO - Processing file /opt/airflow/dags/modules/predict.py for tasks to queue
[2023-02-17T17:33:15.462+0000] {logging_mixin.py:137} INFO - [2023-02-17T17:33:15.462+0000] {dagbag.py:538} INFO - Filling up the DagBag from /opt/airflow/dags/modules/predict.py
[2023-02-17T17:33:15.730+0000] {processor.py:755} WARNING - No viable dags retrieved from /opt/airflow/dags/modules/predict.py
[2023-02-17T17:33:15.746+0000] {processor.py:175} INFO - Processing /opt/airflow/dags/modules/predict.py took 0.290 seconds
[2023-02-17T17:33:45.982+0000] {processor.py:153} INFO - Started process (PID=11228) to work on /opt/airflow/dags/modules/predict.py
[2023-02-17T17:33:45.984+0000] {processor.py:743} INFO - Processing file /opt/airflow/dags/modules/predict.py for tasks to queue
[2023-02-17T17:33:45.985+0000] {logging_mixin.py:137} INFO - [2023-02-17T17:33:45.985+0000] {dagbag.py:538} INFO - Filling up the DagBag from /opt/airflow/dags/modules/predict.py
[2023-02-17T17:33:46.261+0000] {processor.py:755} WARNING - No viable dags retrieved from /opt/airflow/dags/modules/predict.py
[2023-02-17T17:33:46.277+0000] {processor.py:175} INFO - Processing /opt/airflow/dags/modules/predict.py took 0.298 seconds
[2023-02-17T17:34:16.451+0000] {processor.py:153} INFO - Started process (PID=11262) to work on /opt/airflow/dags/modules/predict.py
[2023-02-17T17:34:16.452+0000] {processor.py:743} INFO - Processing file /opt/airflow/dags/modules/predict.py for tasks to queue
[2023-02-17T17:34:16.453+0000] {logging_mixin.py:137} INFO - [2023-02-17T17:34:16.453+0000] {dagbag.py:538} INFO - Filling up the DagBag from /opt/airflow/dags/modules/predict.py
[2023-02-17T17:34:16.698+0000] {processor.py:755} WARNING - No viable dags retrieved from /opt/airflow/dags/modules/predict.py
[2023-02-17T17:34:16.712+0000] {processor.py:175} INFO - Processing /opt/airflow/dags/modules/predict.py took 0.266 seconds
[2023-02-17T17:34:47.691+0000] {processor.py:153} INFO - Started process (PID=11312) to work on /opt/airflow/dags/modules/predict.py
[2023-02-17T17:34:47.692+0000] {processor.py:743} INFO - Processing file /opt/airflow/dags/modules/predict.py for tasks to queue
[2023-02-17T17:34:47.694+0000] {logging_mixin.py:137} INFO - [2023-02-17T17:34:47.694+0000] {dagbag.py:538} INFO - Filling up the DagBag from /opt/airflow/dags/modules/predict.py
[2023-02-17T17:34:47.985+0000] {processor.py:755} WARNING - No viable dags retrieved from /opt/airflow/dags/modules/predict.py
[2023-02-17T17:34:48.001+0000] {processor.py:175} INFO - Processing /opt/airflow/dags/modules/predict.py took 0.314 seconds
[2023-02-17T17:35:18.984+0000] {processor.py:153} INFO - Started process (PID=11347) to work on /opt/airflow/dags/modules/predict.py
[2023-02-17T17:35:18.985+0000] {processor.py:743} INFO - Processing file /opt/airflow/dags/modules/predict.py for tasks to queue
[2023-02-17T17:35:18.986+0000] {logging_mixin.py:137} INFO - [2023-02-17T17:35:18.986+0000] {dagbag.py:538} INFO - Filling up the DagBag from /opt/airflow/dags/modules/predict.py
[2023-02-17T17:35:19.233+0000] {processor.py:755} WARNING - No viable dags retrieved from /opt/airflow/dags/modules/predict.py
[2023-02-17T17:35:19.247+0000] {processor.py:175} INFO - Processing /opt/airflow/dags/modules/predict.py took 0.266 seconds
[2023-02-17T17:35:50.074+0000] {processor.py:153} INFO - Started process (PID=11397) to work on /opt/airflow/dags/modules/predict.py
[2023-02-17T17:35:50.075+0000] {processor.py:743} INFO - Processing file /opt/airflow/dags/modules/predict.py for tasks to queue
[2023-02-17T17:35:50.076+0000] {logging_mixin.py:137} INFO - [2023-02-17T17:35:50.076+0000] {dagbag.py:538} INFO - Filling up the DagBag from /opt/airflow/dags/modules/predict.py
[2023-02-17T17:35:50.324+0000] {processor.py:755} WARNING - No viable dags retrieved from /opt/airflow/dags/modules/predict.py
[2023-02-17T17:35:50.339+0000] {processor.py:175} INFO - Processing /opt/airflow/dags/modules/predict.py took 0.268 seconds
[2023-02-17T17:36:21.292+0000] {processor.py:153} INFO - Started process (PID=11432) to work on /opt/airflow/dags/modules/predict.py
[2023-02-17T17:36:21.293+0000] {processor.py:743} INFO - Processing file /opt/airflow/dags/modules/predict.py for tasks to queue
[2023-02-17T17:36:21.294+0000] {logging_mixin.py:137} INFO - [2023-02-17T17:36:21.294+0000] {dagbag.py:538} INFO - Filling up the DagBag from /opt/airflow/dags/modules/predict.py
[2023-02-17T17:36:21.552+0000] {processor.py:755} WARNING - No viable dags retrieved from /opt/airflow/dags/modules/predict.py
[2023-02-17T17:36:21.566+0000] {processor.py:175} INFO - Processing /opt/airflow/dags/modules/predict.py took 0.278 seconds
[2023-02-17T17:36:52.440+0000] {processor.py:153} INFO - Started process (PID=11481) to work on /opt/airflow/dags/modules/predict.py
[2023-02-17T17:36:52.441+0000] {processor.py:743} INFO - Processing file /opt/airflow/dags/modules/predict.py for tasks to queue
[2023-02-17T17:36:52.442+0000] {logging_mixin.py:137} INFO - [2023-02-17T17:36:52.442+0000] {dagbag.py:538} INFO - Filling up the DagBag from /opt/airflow/dags/modules/predict.py
[2023-02-17T17:36:52.707+0000] {processor.py:755} WARNING - No viable dags retrieved from /opt/airflow/dags/modules/predict.py
[2023-02-17T17:36:52.721+0000] {processor.py:175} INFO - Processing /opt/airflow/dags/modules/predict.py took 0.285 seconds
[2023-02-17T17:37:22.951+0000] {processor.py:153} INFO - Started process (PID=11515) to work on /opt/airflow/dags/modules/predict.py
[2023-02-17T17:37:22.954+0000] {processor.py:743} INFO - Processing file /opt/airflow/dags/modules/predict.py for tasks to queue
[2023-02-17T17:37:22.955+0000] {logging_mixin.py:137} INFO - [2023-02-17T17:37:22.955+0000] {dagbag.py:538} INFO - Filling up the DagBag from /opt/airflow/dags/modules/predict.py
[2023-02-17T17:37:23.236+0000] {processor.py:755} WARNING - No viable dags retrieved from /opt/airflow/dags/modules/predict.py
[2023-02-17T17:37:23.254+0000] {processor.py:175} INFO - Processing /opt/airflow/dags/modules/predict.py took 0.310 seconds
[2023-02-17T17:37:53.575+0000] {processor.py:153} INFO - Started process (PID=11565) to work on /opt/airflow/dags/modules/predict.py
[2023-02-17T17:37:53.577+0000] {processor.py:743} INFO - Processing file /opt/airflow/dags/modules/predict.py for tasks to queue
[2023-02-17T17:37:53.578+0000] {logging_mixin.py:137} INFO - [2023-02-17T17:37:53.578+0000] {dagbag.py:538} INFO - Filling up the DagBag from /opt/airflow/dags/modules/predict.py
[2023-02-17T17:37:53.860+0000] {processor.py:755} WARNING - No viable dags retrieved from /opt/airflow/dags/modules/predict.py
[2023-02-17T17:37:53.876+0000] {processor.py:175} INFO - Processing /opt/airflow/dags/modules/predict.py took 0.304 seconds
[2023-02-17T17:38:23.976+0000] {processor.py:153} INFO - Started process (PID=11600) to work on /opt/airflow/dags/modules/predict.py
[2023-02-17T17:38:23.977+0000] {processor.py:743} INFO - Processing file /opt/airflow/dags/modules/predict.py for tasks to queue
[2023-02-17T17:38:23.978+0000] {logging_mixin.py:137} INFO - [2023-02-17T17:38:23.978+0000] {dagbag.py:538} INFO - Filling up the DagBag from /opt/airflow/dags/modules/predict.py
[2023-02-17T17:38:24.214+0000] {processor.py:755} WARNING - No viable dags retrieved from /opt/airflow/dags/modules/predict.py
[2023-02-17T17:38:24.227+0000] {processor.py:175} INFO - Processing /opt/airflow/dags/modules/predict.py took 0.254 seconds
